<?xml version="1.0" encoding="UTF-8"?>
<!-- Generated by org.testng.reporters.JUnitXMLReporter -->
<testsuite hostname="Raptor" ignored="0" name="Test" tests="4" failures="0" timestamp="22 Dec 2022 13:09:30 GMT" time="47.195" errors="0">
  <testcase name="ValidateIconOfGreenKart" time="0.153" classname="TestingStuff.TestExecutionFild"/>
  <testcase name="landing" time="0.027" classname="TestingStuff.TestExecutionFild"/>
  <testcase name="validateAddKartButton" time="2.173" classname="TestingStuff.TestExecutionFild"/>
  <testcase name="validateAddKartButton" time="2.086" classname="TestingStuff.TestExecutionFild"/>
</testsuite> <!-- Test -->
