<?xml version="1.0" encoding="UTF-8"?>
<!-- Generated by org.testng.reporters.JUnitXMLReporter -->
<testsuite ignored="0" hostname="RAJRATNAA" failures="0" tests="3" name="Test" time="23.171" errors="0" timestamp="22 Dec 2022 16:01:07 GMT">
  <testcase classname="TestingStuff.TestExecutionFild" name="ValidateIconOfGreenKart" time="0.123"/>
  <testcase classname="TestingStuff.TestExecutionFild" name="failed01" time="0.216"/>
  <testcase classname="TestingStuff.TestExecutionFild" name="landing" time="0.03"/>
</testsuite> <!-- Test -->
