<?xml version="1.0" encoding="UTF-8"?>
<testng-results ignored="0" total="2" passed="2" failed="0" skipped="0">
  <reporter-output>
  </reporter-output>
  <suite started-at="2022-12-20T18:03:13Z" name="Suite" finished-at="2022-12-20T18:03:35Z" duration-ms="21936">
    <groups>
    </groups>
    <test started-at="2022-12-20T18:03:13Z" name="Test" finished-at="2022-12-20T18:03:35Z" duration-ms="21936">
      <class name="TestingStuff.TestExecutionFild">
        <test-method is-config="true" signature="invokeBrowser()[pri:0, instance:TestingStuff.TestExecutionFild@433defed]" started-at="2022-12-20T18:03:13Z" name="invokeBrowser" finished-at="2022-12-20T18:03:34Z" duration-ms="21040" status="PASS">
          <reporter-output>
          </reporter-output>
        </test-method> <!-- invokeBrowser -->
        <test-method signature="ValidateIconOfGreenKart()[pri:0, instance:TestingStuff.TestExecutionFild@433defed]" started-at="2022-12-20T18:03:35Z" name="ValidateIconOfGreenKart" finished-at="2022-12-20T18:03:35Z" duration-ms="434" status="PASS">
          <reporter-output>
          </reporter-output>
        </test-method> <!-- ValidateIconOfGreenKart -->
        <test-method signature="landing()[pri:0, instance:TestingStuff.TestExecutionFild@433defed]" started-at="2022-12-20T18:03:35Z" name="landing" finished-at="2022-12-20T18:03:35Z" duration-ms="30" status="PASS">
          <reporter-output>
          </reporter-output>
        </test-method> <!-- landing -->
        <test-method is-config="true" signature="CloseBrowser()[pri:0, instance:TestingStuff.TestExecutionFild@433defed]" started-at="2022-12-20T18:03:35Z" name="CloseBrowser" finished-at="2022-12-20T18:03:35Z" duration-ms="327" status="PASS">
          <reporter-output>
          </reporter-output>
        </test-method> <!-- CloseBrowser -->
      </class> <!-- TestingStuff.TestExecutionFild -->
    </test> <!-- Test -->
  </suite> <!-- Suite -->
</testng-results>
